MPASM  5.42                          MAIN.ASM   12-13-2025  14:35:46         PAGE  1


LOC  OBJECT CODE     LINE SOURCE TEXT
  VALUE

                      00001 #include "p10f200.inc"
                      00001         LIST
                      00002 
                      00003 ;==========================================================================
                      00004 ;  MPASM PIC10F200 processor include
                      00005 ; 
                      00006 ;  (c) Copyright 1999-2011 Microchip Technology, All rights reserved
                      00007 ;==========================================================================
                      00008 
                      00148         LIST
0FFF   0FEB           00002     __CONFIG _WDT_OFF & _CP_OFF & _MCLRE_OFF
0000                  00003     ORG 0x0000
  00000010            00004 i        EQU     10      ;define 0x10 register as the delay variable
  00000011            00005 j        EQU     11      ;define 0x11 register as the delay variable
  00000012            00006 k        EQU     12      ;define 0x12 register as the delay variable
                      00007 
0000                  00008 INIT
0000   0CDF           00009     MOVLW  ~(1<<T0CS)    ;Enable GPIO2
0001   0002           00010     OPTION    
0002   0C07           00011     MOVLW ((1 << GP0)|(1 << GP1)|(1 << GP2));;set GP0, GP1, GP2 as inputs
0003   0006           00012     TRIS GPIO
0004                  00013 LOOP
0004   0C04           00014         MOVLW ((0 << GP0)|(0 << GP1)|(1 << GP2))
0005   0006           00015         TRIS GPIO
0006   0C01           00016         MOVLW (1 << GP0) | (0 << GP1)
0007   0026           00017         MOVWF GPIO
                      00018 
0008   0923           00019         CALL DELAY
                      00020 
0009   0C04           00021         MOVLW ((0 << GP0)|(0 << GP1)|(1 << GP2))
000A   0006           00022         TRIS GPIO
000B   0C02           00023         MOVLW (0 << GP0) | (1 << GP1)
000C   0026           00024         MOVWF GPIO
                      00025 
000D   0923           00026         CALL DELAY
                      00027 
000E   0C01           00028         MOVLW ((1 << GP0)|(0 << GP1)|(0 << GP2))
000F   0006           00029         TRIS GPIO
0010   0C02           00030         MOVLW (1 << GP1) | (0 << GP2)
0011   0026           00031         MOVWF GPIO
                      00032 
0012   0923           00033         CALL DELAY
                      00034 
0013   0C01           00035         MOVLW ((1 << GP0)|(0 << GP1)|(0 << GP2))
0014   0006           00036         TRIS GPIO
0015   0C04           00037         MOVLW (0 << GP1) | (1 << GP2)
0016   0026           00038         MOVWF GPIO
                      00039 
0017   0923           00040         CALL DELAY
                      00041 
0018   0C02           00042         MOVLW ((0 << GP0)|(1 << GP1)|(0 << GP2))
0019   0006           00043         TRIS GPIO
001A   0C01           00044         MOVLW (1 << GP0) | (0 << GP2)
MPASM  5.42                          MAIN.ASM   12-13-2025  14:35:46         PAGE  2


LOC  OBJECT CODE     LINE SOURCE TEXT
  VALUE

001B   0026           00045         MOVWF GPIO
                      00046 
001C   0923           00047         CALL DELAY
                      00048 
001D   0C02           00049         MOVLW ((0 << GP0)|(1 << GP1)|(0 << GP2))
001E   0006           00050         TRIS GPIO
001F   0C04           00051         MOVLW (0 << GP0) | (1 << GP2)
0020   0026           00052         MOVWF GPIO
                      00053 
0021   0923           00054         CALL DELAY
                      00055     
0022   0A04           00056     GOTO LOOP                    ;loop forever
                      00057  
0023                  00058 DELAY                            ;Start DELAY subroutine here
0023   0C06           00059     MOVLW 6                      ;Load initial value for the delay    
0024   0030           00060     MOVWF i                      ;Copy the value to the register 0x10
0025   0031           00061     MOVWF j                      ;Copy the value to the register 0x11
0026   0032           00062     MOVWF k                      ;Copy the value to the register 0x12
0027                  00063 DELAY_LOOP               ;Start delay loop
0027   02F0           00064     DECFSZ i, F                  ;Decrement the register i and check if not zero
0028   0A27           00065     GOTO DELAY_LOOP      ;If not then go to the DELAY_LOOP label
0029   02F1           00066     DECFSZ j, F                  ;Else decrement the register j, check if it is not 0
002A   0A27           00067     GOTO DELAY_LOOP      ;If not then go to the DELAY_LOOP label
002B   02F2           00068     DECFSZ k, F                  ;Else decrement the register k, check if it is not 0
002C   0A27           00069     GOTO DELAY_LOOP      ;If not then go to the DELAY_LOOP label
002D   0800           00070     RETLW 0                      ;Else return from the subroutine
                      00071 
                      00072     END
MPASM  5.42                          MAIN.ASM   12-13-2025  14:35:46         PAGE  3


SYMBOL TABLE
  LABEL                             VALUE 

C                                 00000000
CAL0                              00000001
CAL1                              00000002
CAL2                              00000003
CAL3                              00000004
CAL4                              00000005
CAL5                              00000006
CAL6                              00000007
DC                                00000001
DELAY                             00000023
DELAY_LOOP                        00000027
F                                 00000001
FOSC4                             00000000
FSR                               00000004
GP0                               00000000
GP1                               00000001
GP2                               00000002
GP3                               00000003
GPIO                              00000006
GPWUF                             00000007
INDF                              00000000
INIT                              00000000
LOOP                              00000004
NOT_GPPU                          00000006
NOT_GPWU                          00000007
NOT_PD                            00000003
NOT_TO                            00000004
OSCCAL                            00000005
PCL                               00000002
PS0                               00000000
PS1                               00000001
PS2                               00000002
PSA                               00000003
STATUS                            00000003
T0CS                              00000005
T0SE                              00000004
TMR0                              00000001
TRISIO0                           00000000
TRISIO1                           00000001
TRISIO2                           00000002
TRISIO3                           00000003
W                                 00000000
Z                                 00000002
_CONFIG                           00000FFF
_CP_OFF                           00000FFF
_CP_ON                            00000FF7
_IDLOC0                           00000100
_IDLOC1                           00000101
_IDLOC2                           00000102
_IDLOC3                           00000103
_IntRC_OSC                        00000FFF
_MCLRE_OFF                        00000FEF
_MCLRE_ON                         00000FFF
MPASM  5.42                          MAIN.ASM   12-13-2025  14:35:46         PAGE  4


SYMBOL TABLE
  LABEL                             VALUE 

_WDT_OFF                          00000FFB
_WDT_ON                           00000FFF
__10F200                          00000001
i                                 00000010
j                                 00000011
k                                 00000012


MEMORY USAGE MAP ('X' = Used,  '-' = Unused)

0000 : XXXXXXXXXXXXXXXX XXXXXXXXXXXXXXXX XXXXXXXXXXXXXX-- ----------------
0FC0 : ---------------- ---------------- ---------------- ---------------X

All other memory blocks unused.

Program Memory Words Used:    46
Program Memory Words Free:   210


Errors   :     0
Warnings :     0 reported,     0 suppressed
Messages :     0 reported,     0 suppressed

